<?xml version="1.0" encoding="UTF-8"?>
<!-- Generated by org.testng.reporters.JUnitXMLReporter -->
<testsuite hostname="lpz-wfh-59" name="API Test" tests="4" failures="2" timestamp="16 Oct 2020 07:01:13 GMT" time="6.412" errors="0">
  <testcase name="feature" time="5.15" classname="com.tmos.api.runner.APITestRunner"/>
  <testcase name="feature" time="0.239" classname="com.tmos.api.runner.APITestRunner">
    <failure type="cucumber.runtime.CucumberException" message="java.lang.AssertionError: expected [201] but found [200]">
      <![CDATA[cucumber.runtime.CucumberException: java.lang.AssertionError: expected [201] but found [200]
	at cucumber.api.testng.TestNGCucumberRunner.runCucumber(TestNGCucumberRunner.java:69)
	at cucumber.api.testng.AbstractTestNGCucumberTests.feature(AbstractTestNGCucumberTests.java:21)
Caused by: java.lang.AssertionError: expected [201] but found [200]
	at com.tmos.api.steps.DeleteMachineAPISteps.i_receive_HTTP_Response_code_as_for_machine_deletion_successfully(DeleteMachineAPISteps.java:48)
	at ✽.Then I receive HTTP Response code as 201 for machine deletion successfully(VerifyDeleteMachineAPI.feature:8)
... Removed 31 stack frames]]>
    </failure>
  </testcase> <!-- feature -->
  <testcase name="feature" time="0.408" classname="com.tmos.api.runner.APITestRunner">
    <failure type="cucumber.runtime.CucumberException" message="java.lang.AssertionError: expected [JyoTestMachine2] but found [JyoTestMachine3]">
      <![CDATA[cucumber.runtime.CucumberException: java.lang.AssertionError: expected [JyoTestMachine2] but found [JyoTestMachine3]
	at cucumber.api.testng.TestNGCucumberRunner.runCucumber(TestNGCucumberRunner.java:69)
	at cucumber.api.testng.AbstractTestNGCucumberTests.feature(AbstractTestNGCucumberTests.java:21)
Caused by: java.lang.AssertionError: expected [JyoTestMachine2] but found [JyoTestMachine3]
	at com.tmos.api.steps.GetMachineByIdAPISteps.i_verify_machine_details_like(GetMachineByIdAPISteps.java:59)
	at ✽.Then I verify machine details like "JyoTestMachine2", "JyoTest3", "3333", "0.0", "1.1"(VerifyGetMachineByIdAPI.feature:9)
... Removed 31 stack frames]]>
    </failure>
  </testcase> <!-- feature -->
  <testcase name="feature" time="0.501" classname="com.tmos.api.runner.APITestRunner"/>
</testsuite> <!-- API Test -->
