<?xml version="1.0" encoding="UTF-8"?>
<!-- Generated by org.testng.reporters.JUnitXMLReporter -->
<testsuite hostname="lpz-wfh-59" name="Cucumber Test" tests="1" failures="1" timestamp="16 Oct 2020 04:36:33 GMT" time="2.698" errors="0">
  <testcase name="feature" time="2.37" classname="com.tmos.api.runner.APITestRunner">
    <failure type="cucumber.runtime.CucumberException" message="java.lang.AssertionError: expected [201] but found [200]">
      <![CDATA[cucumber.runtime.CucumberException: java.lang.AssertionError: expected [201] but found [200]
	at cucumber.api.testng.TestNGCucumberRunner.runCucumber(TestNGCucumberRunner.java:69)
	at cucumber.api.testng.AbstractTestNGCucumberTests.feature(AbstractTestNGCucumberTests.java:21)
Caused by: java.lang.AssertionError: expected [201] but found [200]
	at com.tmos.api.steps.DeleteMachineAPISteps.i_receive_HTTP_Response_code_as_for_machine_deletion_successfully(DeleteMachineAPISteps.java:48)
	at ✽.Then I receive HTTP Response code as 201 for machine deletion successfully(VerifyDeleteMachineAPI.feature:8)
... Removed 31 stack frames]]>
    </failure>
  </testcase> <!-- feature -->
</testsuite> <!-- Cucumber Test -->
